<?xml version="1.0" encoding="UTF-8"?>
<robot generator="Robot 7.4.2 (Python 3.14.7 on darwin)" generated="2026-09-19T19:07:08.340098" rpa="false" schemaversion="5">
<suite id="s1" name="Booking" source="/Users/lin09/Documents/Coding/auto-booking/booking.robot">
<kw name="Wait Until Booking Opens" owner="timing" type="SETUP">
<arg>${BOOKING_OPENS_AT}</arg>
<arg>${TIMEZONE}</arg>
<doc>Wait until ``opens_at`` before allowing the Robot test to continue.</doc>
<status status="PASS" start="2026-09-19T19:07:08.630537" elapsed="0.002794"/>
</kw>
<test id="s1-t1" name="Book Table Tennis" line="21">
<kw name="New Browser" owner="Browser">
<msg time="2026-09-19T19:07:08.634705" level="INFO">{"browser": "chromium", "headless": false, "chromiumSandbox": false, "devtools": false, "handleSIGHUP": true, "handleSIGINT": true, "handleSIGTERM": true, "slowMo": 0.0, "timeout": 30000.0, "tracesDir": "/Users/lin09/Documents/Coding/auto-booking/browser/traces/temp/bc4671ee-5647-496d-8f90-3b16ddf31018"}</msg>
<msg time="2026-09-19T19:07:08.857374" level="INFO">Starting Browser process /Users/lin09/Documents/Coding/auto-booking/.venv/lib/python3.14/site-packages/Browser/wrapper/index.js using at 127.0.0.1:64120</msg>
<msg time="2026-09-19T19:07:12.134454" level="INFO">Successfully created browser with options: {"browser":"chromium","headless":false,"chromiumSandbox":false,"devtools":false,"handleSIGHUP":true,"handleSIGINT":true,"handleSIGTERM":true,"slowMo":0,"timeout":30000,"tracesDir":"/Users/lin09/Documents/Coding/auto-booking/browser/traces/temp/bc4671ee-5647-496d-8f90-3b16ddf31018"}</msg>
<arg>${BROWSER}</arg>
<arg>headless=${HEADLESS}</arg>
<tag>BrowserControl</tag>
<tag>Setter</tag>
<doc>Create a new playwright Browser with specified options.</doc>
<status status="PASS" start="2026-09-19T19:07:08.634068" elapsed="3.500730"/>
</kw>
<kw name="New Context" owner="Browser">
<msg time="2026-09-19T19:07:12.137407" level="INFO">{
  "acceptDownloads": true,
  "bypassCSP": false,
  "forcedColors": "none",
  "ignoreHTTPSErrors": false,
  "javaScriptEnabled": true,
  "offline": false,
  "reducedMotion": "no-preference",
  "serviceWorkers": "allow",
  "viewport": {
    "width": 1920,
    "height": 1080
  }
}</msg>
<msg time="2026-09-19T19:07:12.183945" level="INFO">Successfully created context. </msg>
<msg time="2026-09-19T19:07:12.184024" level="INFO">{'acceptDownloads': True, 'bypassCSP': False, 'forcedColors': 'none', 'ignoreHTTPSErrors': False, 'javaScriptEnabled': True, 'offline': False, 'reducedMotion': 'no-preference', 'serviceWorkers': 'allow', 'viewport': {'width': 1920, 'height': 1080}}</msg>
<arg>viewport={'width': 1920, 'height': 1080}</arg>
<tag>BrowserControl</tag>
<tag>Setter</tag>
<doc>Create a new BrowserContext with specified options.</doc>
<status status="PASS" start="2026-09-19T19:07:12.135359" elapsed="0.048749"/>
</kw>
<kw name="New Page" owner="Browser">
<msg time="2026-09-19T19:07:14.256333" level="INFO">Successfully initialized new page object and opened url: https://www.kotapermaionline.com.my/login.aspx</msg>
<arg>${LOGIN_URL}</arg>
<tag>BrowserControl</tag>
<tag>Setter</tag>
<doc>Open a new Page.</doc>
<status status="PASS" start="2026-09-19T19:07:12.184317" elapsed="2.073623"/>
</kw>
<kw name="Fill Text" owner="Browser">
<msg time="2026-09-19T19:07:14.261713" level="INFO">Fills the text 'IS05307-0' in the given field.</msg>
<arg>css=#ctl00_cpMain_txtUserName</arg>
<arg>${MEMBERSHIP_NO}</arg>
<tag>PageContent</tag>
<tag>Setter</tag>
<doc>Clears and fills the given ``txt`` into the text field found by ``selector``.</doc>
<status status="PASS" start="2026-09-19T19:07:14.259195" elapsed="0.047073"/>
</kw>
<kw name="Fill Text" owner="Browser">
<msg time="2026-09-19T19:07:14.307054" level="INFO">Fills the text '#Jmac0259' in the given field.</msg>
<arg>css=#ctl00_cpMain_txtPassword</arg>
<arg>${PASSWORD}</arg>
<tag>PageContent</tag>
<tag>Setter</tag>
<doc>Clears and fills the given ``txt`` into the text field found by ``selector``.</doc>
<status status="PASS" start="2026-09-19T19:07:14.306530" elapsed="0.014075"/>
</kw>
<kw name="Click" owner="Browser">
<msg time="2026-09-19T19:07:14.321379" level="INFO">Clicks the element 'role=link[name='Log On']'.</msg>
<arg>role=link[name='Log On']</arg>
<tag>PageContent</tag>
<tag>Setter</tag>
<doc>Simulates mouse click on the element found by ``selector``.</doc>
<status status="PASS" start="2026-09-19T19:07:14.320878" elapsed="0.347681"/>
</kw>
<kw name="Click" owner="Browser">
<msg time="2026-09-19T19:07:14.669356" level="INFO">Clicks the element 'role=link[name='Click Here']'.</msg>
<arg>role=link[name='Click Here']</arg>
<tag>PageContent</tag>
<tag>Setter</tag>
<doc>Simulates mouse click on the element found by ``selector``.</doc>
<status status="PASS" start="2026-09-19T19:07:14.668848" elapsed="0.098403"/>
</kw>
<kw name="Switch Page" owner="Browser">
<msg time="2026-09-19T19:07:14.768106" level="INFO">Switching to page NEW,context CURRENT, browser CURRENT</msg>
<msg time="2026-09-19T19:07:15.033505" level="INFO">Activated new page page=622b88b8-8a94-42b9-98a1-e022b3366d94</msg>
<arg>NEW</arg>
<tag>BrowserControl</tag>
<tag>Setter</tag>
<doc>Switches the active browser page to another open page by ``id`` or ``NEW``.</doc>
<status status="PASS" start="2026-09-19T19:07:14.767483" elapsed="0.266328"/>
</kw>
<kw name="Click" owner="Browser">
<msg time="2026-09-19T19:07:15.035661" level="INFO">Clicks the element 'css=#ctl00_cpMain_optGolfCourseID_4'.</msg>
<arg>${SPORT}</arg>
<tag>PageContent</tag>
<tag>Setter</tag>
<doc>Simulates mouse click on the element found by ``selector``.</doc>
<status status="PASS" start="2026-09-19T19:07:15.034649" elapsed="0.065784"/>
</kw>
<kw name="Select Options By" owner="Browser">
<msg time="2026-09-19T19:07:15.101290" level="INFO">Selects the option(s) 22/Sep/2026 by attribute SelectAttribute.value from element css=#ctl00_cpMain_cboDate.</msg>
<arg>css=#ctl00_cpMain_cboDate</arg>
<arg>value</arg>
<arg>${BOOKING_DATE}</arg>
<tag>PageContent</tag>
<tag>Setter</tag>
<doc>Selects options from select element found by ``selector``.</doc>
<status status="PASS" start="2026-09-19T19:07:15.100700" elapsed="1.721228"/>
</kw>
<kw name="Select Options By" owner="Browser">
<msg time="2026-09-19T19:07:16.822714" level="INFO">Selects the option(s) Table 2 by attribute SelectAttribute.value from element css=#ctl00_cpMain_cboSession.</msg>
<arg>css=#ctl00_cpMain_cboSession</arg>
<arg>value</arg>
<arg>${TABLE}</arg>
<tag>PageContent</tag>
<tag>Setter</tag>
<doc>Selects options from select element found by ``selector``.</doc>
<status status="PASS" start="2026-09-19T19:07:16.822169" elapsed="1.345789"/>
</kw>
<kw name="Select Options By" owner="Browser">
<msg time="2026-09-19T19:07:18.168787" level="INFO">Selects the option(s) 11:00 AM by attribute SelectAttribute.value from element css=#ctl00_cpMain_cboTeeTime.</msg>
<arg>css=#ctl00_cpMain_cboTeeTime</arg>
<arg>value</arg>
<arg>${TEE_TIME}</arg>
<tag>PageContent</tag>
<tag>Setter</tag>
<doc>Selects options from select element found by ``selector``.</doc>
<status status="PASS" start="2026-09-19T19:07:18.168201" elapsed="0.010683"/>
</kw>
<kw name="Click" owner="Browser">
<msg time="2026-09-19T19:07:18.179709" level="INFO">Clicks the element 'role=link[name='Next']'.</msg>
<arg>role=link[name='Next']</arg>
<tag>PageContent</tag>
<tag>Setter</tag>
<doc>Simulates mouse click on the element found by ``selector``.</doc>
<status status="PASS" start="2026-09-19T19:07:18.179212" elapsed="0.042837"/>
</kw>
<kw name="Click" owner="Browser">
<msg time="2026-09-19T19:07:18.222693" level="INFO">Clicks the element 'role=link[name='Next']'.</msg>
<arg>role=link[name='Next']</arg>
<tag>PageContent</tag>
<tag>Setter</tag>
<doc>Simulates mouse click on the element found by ``selector``.</doc>
<status status="PASS" start="2026-09-19T19:07:18.222255" elapsed="0.177831"/>
</kw>
<kw name="Click" owner="Browser">
<msg time="2026-09-19T19:07:18.400751" level="INFO">Clicks the element 'css=#ctl00_cpMain_chkTerm'.</msg>
<arg>css=#ctl00_cpMain_chkTerm</arg>
<tag>PageContent</tag>
<tag>Setter</tag>
<doc>Simulates mouse click on the element found by ``selector``.</doc>
<status status="PASS" start="2026-09-19T19:07:18.400290" elapsed="0.183492"/>
</kw>
<kw name="Click" owner="Browser">
<msg time="2026-09-19T19:07:18.585176" level="INFO">Clicks the element 'role=link[name='Confirm']'.</msg>
<arg>role=link[name='Confirm']</arg>
<tag>PageContent</tag>
<tag>Setter</tag>
<doc>Simulates mouse click on the element found by ``selector``.</doc>
<status status="PASS" start="2026-09-19T19:07:18.584349" elapsed="0.037894"/>
</kw>
<msg time="2026-09-19T19:07:18.632970" level="INFO">Switching context to context=c4592da0-b2e8-43fa-bab0-da1d06ea6b71 in CURRENT</msg>
<msg time="2026-09-19T19:07:18.702474" level="INFO">Successfully changed active context: context=c4592da0-b2e8-43fa-bab0-da1d06ea6b71</msg>
<msg time="2026-09-19T19:07:18.747653" level="INFO">Successfully closed Context</msg>
<status status="PASS" start="2026-09-19T19:07:08.633471" elapsed="9.989086"/>
</test>
<status status="PASS" start="2026-09-19T19:07:08.341180" elapsed="10.407600"/>
</suite>
<statistics>
<total>
<stat pass="1" fail="0" skip="0">All Tests</stat>
</total>
<tag>
</tag>
<suite>
<stat name="Booking" id="s1" pass="1" fail="0" skip="0">Booking</stat>
</suite>
</statistics>
<errors>
</errors>
</robot>
