<?xml version="1.0" encoding="UTF-8"?>
<robot generator="Robot 7.4.2 (Python 3.14.7 on darwin)" generated="2026-09-11T21:07:54.563265" rpa="false" schemaversion="5">
<suite id="s1" name="Recorded Test" source="/Users/lin09/Documents/Coding/auto-booking/tests/recorded_test.robot">
<test id="s1-t1" name="Book Table Tennis" line="17">
<kw name="New Browser" owner="Browser">
<msg time="2026-09-11T21:07:54.795420" level="INFO">{"browser": "chromium", "headless": false, "chromiumSandbox": false, "devtools": false, "handleSIGHUP": true, "handleSIGINT": true, "handleSIGTERM": true, "slowMo": 0.0, "timeout": 30000.0, "tracesDir": "/Users/lin09/Documents/Coding/auto-booking/browser/traces/temp/4d282f01-dec2-4796-8244-67d366fe3670"}</msg>
<msg time="2026-09-11T21:07:54.895575" level="INFO">Starting Browser process /Users/lin09/Documents/Coding/auto-booking/.venv/lib/python3.14/site-packages/Browser/wrapper/index.js using at 127.0.0.1:63595</msg>
<msg time="2026-09-11T21:07:57.852299" level="INFO">Successfully created browser with options: {"browser":"chromium","headless":false,"chromiumSandbox":false,"devtools":false,"handleSIGHUP":true,"handleSIGINT":true,"handleSIGTERM":true,"slowMo":0,"timeout":30000,"tracesDir":"/Users/lin09/Documents/Coding/auto-booking/browser/traces/temp/4d282f01-dec2-4796-8244-67d366fe3670"}</msg>
<arg>${BROWSER}</arg>
<arg>headless=${HEADLESS}</arg>
<tag>BrowserControl</tag>
<tag>Setter</tag>
<doc>Create a new playwright Browser with specified options.</doc>
<status status="PASS" start="2026-09-11T21:07:54.794736" elapsed="3.057903"/>
</kw>
<kw name="New Context" owner="Browser">
<msg time="2026-09-11T21:07:57.855416" level="INFO">{
  "acceptDownloads": true,
  "bypassCSP": false,
  "forcedColors": "none",
  "ignoreHTTPSErrors": false,
  "javaScriptEnabled": true,
  "offline": false,
  "reducedMotion": "no-preference",
  "serviceWorkers": "allow",
  "viewport": {
    "width": 1920,
    "height": 1080
  }
}</msg>
<msg time="2026-09-11T21:07:57.908187" level="INFO">Successfully created context. </msg>
<msg time="2026-09-11T21:07:57.908297" level="INFO">{'acceptDownloads': True, 'bypassCSP': False, 'forcedColors': 'none', 'ignoreHTTPSErrors': False, 'javaScriptEnabled': True, 'offline': False, 'reducedMotion': 'no-preference', 'serviceWorkers': 'allow', 'viewport': {'width': 1920, 'height': 1080}}</msg>
<arg>viewport={'width': 1920, 'height': 1080}</arg>
<tag>BrowserControl</tag>
<tag>Setter</tag>
<doc>Create a new BrowserContext with specified options.</doc>
<status status="PASS" start="2026-09-11T21:07:57.853223" elapsed="0.055170"/>
</kw>
<kw name="New Page" owner="Browser">
<msg time="2026-09-11T21:08:00.173038" level="INFO">Successfully initialized new page object and opened url: https://www.kotapermaionline.com.my/login.aspx</msg>
<arg>${LOGIN_URL}</arg>
<tag>BrowserControl</tag>
<tag>Setter</tag>
<doc>Open a new Page.</doc>
<status status="PASS" start="2026-09-11T21:07:57.908879" elapsed="2.264714"/>
</kw>
<kw name="Fill Text" owner="Browser">
<msg time="2026-09-11T21:08:00.175074" level="INFO">Fills the text 'IS05307-0' in the given field.</msg>
<arg>css=#ctl00_cpMain_txtUserName</arg>
<arg>${MEMBERSHIP_NO}</arg>
<tag>PageContent</tag>
<tag>Setter</tag>
<doc>Clears and fills the given ``txt`` into the text field found by ``selector``.</doc>
<status status="PASS" start="2026-09-11T21:08:00.174079" elapsed="0.045499"/>
</kw>
<kw name="Fill Text" owner="Browser">
<msg time="2026-09-11T21:08:00.220485" level="INFO">Fills the text '#Jmac0259' in the given field.</msg>
<arg>css=#ctl00_cpMain_txtPassword</arg>
<arg>${PASSWORD}</arg>
<tag>PageContent</tag>
<tag>Setter</tag>
<doc>Clears and fills the given ``txt`` into the text field found by ``selector``.</doc>
<status status="PASS" start="2026-09-11T21:08:00.219873" elapsed="0.015594"/>
</kw>
<kw name="Click" owner="Browser">
<msg time="2026-09-11T21:08:00.236196" level="INFO">Clicks the element 'role=link[name='Log On']'.</msg>
<arg>role=link[name='Log On']</arg>
<tag>PageContent</tag>
<tag>Setter</tag>
<doc>Simulates mouse click on the element found by ``selector``.</doc>
<status status="PASS" start="2026-09-11T21:08:00.235705" elapsed="0.523009"/>
</kw>
<kw name="Click" owner="Browser">
<msg time="2026-09-11T21:08:00.759563" level="INFO">Clicks the element 'role=link[name='Click Here']'.</msg>
<arg>role=link[name='Click Here']</arg>
<tag>PageContent</tag>
<tag>Setter</tag>
<doc>Simulates mouse click on the element found by ``selector``.</doc>
<status status="PASS" start="2026-09-11T21:08:00.758984" elapsed="0.089191"/>
</kw>
<kw name="Switch Page" owner="Browser">
<msg time="2026-09-11T21:08:00.849229" level="INFO">Switching to page NEW,context CURRENT, browser CURRENT</msg>
<msg time="2026-09-11T21:08:01.163825" level="INFO">Activated new page page=50bc9bc7-b77b-43cd-812b-563b4ef39bfc</msg>
<arg>NEW</arg>
<tag>BrowserControl</tag>
<tag>Setter</tag>
<doc>Switches the active browser page to another open page by ``id`` or ``NEW``.</doc>
<status status="PASS" start="2026-09-11T21:08:00.848421" elapsed="0.315714"/>
</kw>
<kw name="Click" owner="Browser">
<msg time="2026-09-11T21:08:01.165473" level="INFO">Clicks the element 'css=#ctl00_cpMain_optGolfCourseID_4'.</msg>
<arg>${SPORT}</arg>
<tag>PageContent</tag>
<tag>Setter</tag>
<doc>Simulates mouse click on the element found by ``selector``.</doc>
<status status="PASS" start="2026-09-11T21:08:01.164708" elapsed="0.083362"/>
</kw>
<kw name="Select Options By" owner="Browser">
<msg time="2026-09-11T21:08:01.248899" level="INFO">Selects the option(s) 14/Sep/2026 by attribute SelectAttribute.value from element css=#ctl00_cpMain_cboDate.</msg>
<arg>css=#ctl00_cpMain_cboDate</arg>
<arg>value</arg>
<arg>${BOOKING_DATE}</arg>
<tag>PageContent</tag>
<tag>Setter</tag>
<doc>Selects options from select element found by ``selector``.</doc>
<status status="PASS" start="2026-09-11T21:08:01.248317" elapsed="1.794140"/>
</kw>
<kw name="Select Options By" owner="Browser">
<msg time="2026-09-11T21:08:03.043227" level="INFO">Selects the option(s) Table 2 by attribute SelectAttribute.value from element css=#ctl00_cpMain_cboSession.</msg>
<arg>css=#ctl00_cpMain_cboSession</arg>
<arg>value</arg>
<arg>${TABLE}</arg>
<tag>PageContent</tag>
<tag>Setter</tag>
<doc>Selects options from select element found by ``selector``.</doc>
<status status="PASS" start="2026-09-11T21:08:03.042677" elapsed="1.420741"/>
</kw>
<kw name="Select Options By" owner="Browser">
<msg time="2026-09-11T21:08:04.464171" level="INFO">Selects the option(s) 10:00 AM by attribute SelectAttribute.value from element css=#ctl00_cpMain_cboTeeTime.</msg>
<arg>css=#ctl00_cpMain_cboTeeTime</arg>
<arg>value</arg>
<arg>${TEE_TIME}</arg>
<tag>PageContent</tag>
<tag>Setter</tag>
<doc>Selects options from select element found by ``selector``.</doc>
<status status="PASS" start="2026-09-11T21:08:04.463632" elapsed="0.011215"/>
</kw>
<kw name="Click" owner="Browser">
<msg time="2026-09-11T21:08:04.475528" level="INFO">Clicks the element 'role=link[name='Next']'.</msg>
<arg>role=link[name='Next']</arg>
<tag>PageContent</tag>
<tag>Setter</tag>
<doc>Simulates mouse click on the element found by ``selector``.</doc>
<status status="PASS" start="2026-09-11T21:08:04.475074" elapsed="0.214232"/>
</kw>
<kw name="Click" owner="Browser">
<msg time="2026-09-11T21:08:04.690594" level="INFO">Clicks the element 'role=link[name='Next']'.</msg>
<arg>role=link[name='Next']</arg>
<tag>PageContent</tag>
<tag>Setter</tag>
<doc>Simulates mouse click on the element found by ``selector``.</doc>
<status status="PASS" start="2026-09-11T21:08:04.689586" elapsed="0.091106"/>
</kw>
<kw name="Click" owner="Browser">
<msg time="2026-09-11T21:08:04.781353" level="INFO">Clicks the element 'css=#ctl00_cpMain_chkTerm'.</msg>
<arg>css=#ctl00_cpMain_chkTerm</arg>
<tag>PageContent</tag>
<tag>Setter</tag>
<doc>Simulates mouse click on the element found by ``selector``.</doc>
<status status="PASS" start="2026-09-11T21:08:04.780895" elapsed="0.400302"/>
</kw>
<kw name="Click" owner="Browser">
<msg time="2026-09-11T21:08:05.181881" level="INFO">Clicks the element 'role=link[name='Confirm']'.</msg>
<arg>role=link[name='Confirm']</arg>
<tag>PageContent</tag>
<tag>Setter</tag>
<doc>Simulates mouse click on the element found by ``selector``.</doc>
<status status="PASS" start="2026-09-11T21:08:05.181408" elapsed="0.031273"/>
</kw>
<kw name="Click" owner="Browser">
<msg time="2026-09-11T21:08:05.213387" level="INFO">Clicks the element 'role=link[name='here']'.</msg>
<arg>role=link[name='here']</arg>
<tag>PageContent</tag>
<tag>Setter</tag>
<doc>Simulates mouse click on the element found by ``selector``.</doc>
<status status="PASS" start="2026-09-11T21:08:05.212926" elapsed="9.344270"/>
</kw>
<kw name="New Page" owner="Browser">
<msg time="2026-09-11T21:08:15.132337" level="INFO">Successfully initialized new page object and opened url: https://www.kotapermaionline.com.my/bookingListfacility.aspx</msg>
<arg>${BOOKING_LIST}</arg>
<tag>BrowserControl</tag>
<tag>Setter</tag>
<doc>Open a new Page.</doc>
<status status="PASS" start="2026-09-11T21:08:14.557851" elapsed="0.575106"/>
</kw>
<msg time="2026-09-11T21:08:15.144119" level="INFO">Switching context to context=05ee2e27-3632-42fb-bc0a-393c7bde06c9 in CURRENT</msg>
<msg time="2026-09-11T21:08:15.148531" level="INFO">Successfully changed active context: context=05ee2e27-3632-42fb-bc0a-393c7bde06c9</msg>
<msg time="2026-09-11T21:08:15.172324" level="INFO">Successfully closed Context</msg>
<status status="PASS" start="2026-09-11T21:07:54.793946" elapsed="20.339717"/>
</test>
<status status="PASS" start="2026-09-11T21:07:54.579207" elapsed="20.593921"/>
</suite>
<statistics>
<total>
<stat pass="1" fail="0" skip="0">All Tests</stat>
</total>
<tag>
</tag>
<suite>
<stat name="Recorded Test" id="s1" pass="1" fail="0" skip="0">Recorded Test</stat>
</suite>
</statistics>
<errors>
</errors>
</robot>
