<?xml version="1.0" encoding="UTF-8"?>
<robot generator="Robot 7.4.2 (Python 3.14.7 on darwin)" generated="2026-09-06T18:11:59.874693" rpa="false" schemaversion="5">
<suite id="s1" name="Recorded Test" source="/Users/lin09/Documents/Coding/auto-booking/tests/recorded_test.robot">
<test id="s1-t1" name="Recorded Test" line="6">
<kw name="New Browser" owner="Browser">
<msg time="2026-09-06T18:12:00.097598" level="INFO">{"browser": "chromium", "headless": false, "chromiumSandbox": false, "devtools": false, "handleSIGHUP": true, "handleSIGINT": true, "handleSIGTERM": true, "slowMo": 0.0, "timeout": 30000.0, "tracesDir": "/Users/lin09/Documents/Coding/auto-booking/tests/browser/traces/temp/23936c7d-cf5c-47a6-b52d-740ac5513f49"}</msg>
<msg time="2026-09-06T18:12:00.186384" level="INFO">Starting Browser process /Users/lin09/Documents/Coding/auto-booking/.venv/lib/python3.14/site-packages/Browser/wrapper/index.js using at 127.0.0.1:56974</msg>
<msg time="2026-09-06T18:12:03.244720" level="INFO">Successfully created browser with options: {"browser":"chromium","headless":false,"chromiumSandbox":false,"devtools":false,"handleSIGHUP":true,"handleSIGINT":true,"handleSIGTERM":true,"slowMo":0,"timeout":30000,"tracesDir":"/Users/lin09/Documents/Coding/auto-booking/tests/browser/traces/temp/23936c7d-cf5c-47a6-b52d-740ac5513f49"}</msg>
<arg>chromium</arg>
<arg>headless=False</arg>
<tag>BrowserControl</tag>
<tag>Setter</tag>
<doc>Create a new playwright Browser with specified options.</doc>
<status status="PASS" start="2026-09-06T18:12:00.096899" elapsed="3.148627"/>
</kw>
<kw name="New Context" owner="Browser">
<msg time="2026-09-06T18:12:03.249168" level="INFO">{
  "acceptDownloads": true,
  "bypassCSP": false,
  "forcedColors": "none",
  "ignoreHTTPSErrors": false,
  "javaScriptEnabled": true,
  "offline": false,
  "reducedMotion": "no-preference",
  "serviceWorkers": "allow",
  "viewport": {
    "width": 1920,
    "height": 1080
  }
}</msg>
<msg time="2026-09-06T18:12:03.304959" level="INFO">Successfully created context. </msg>
<msg time="2026-09-06T18:12:03.305167" level="INFO">{'acceptDownloads': True, 'bypassCSP': False, 'forcedColors': 'none', 'ignoreHTTPSErrors': False, 'javaScriptEnabled': True, 'offline': False, 'reducedMotion': 'no-preference', 'serviceWorkers': 'allow', 'viewport': {'width': 1920, 'height': 1080}}</msg>
<arg>viewport={'width': 1920, 'height': 1080}</arg>
<tag>BrowserControl</tag>
<tag>Setter</tag>
<doc>Create a new BrowserContext with specified options.</doc>
<status status="PASS" start="2026-09-06T18:12:03.246696" elapsed="0.058630"/>
</kw>
<kw name="New Page" owner="Browser">
<msg time="2026-09-06T18:12:04.421574" level="INFO">Successfully initialized new page object and opened url: https://www.wikipedia.org/</msg>
<arg>https://www.wikipedia.org/</arg>
<tag>BrowserControl</tag>
<tag>Setter</tag>
<doc>Open a new Page.</doc>
<status status="PASS" start="2026-09-06T18:12:03.305952" elapsed="1.116278"/>
</kw>
<kw name="Click" owner="Browser">
<msg time="2026-09-06T18:12:04.424278" level="INFO">Clicks the element 'role=link[name='English 7,189,000+ articles']'.</msg>
<arg>role=link[name='English 7,189,000+ articles']</arg>
<tag>PageContent</tag>
<tag>Setter</tag>
<doc>Simulates mouse click on the element found by ``selector``.</doc>
<status status="PASS" start="2026-09-06T18:12:04.423066" elapsed="1.225380"/>
</kw>
<kw name="Click" owner="Browser">
<msg time="2026-09-06T18:12:05.649252" level="INFO">Clicks the element 'role=button[name='I already donated']'.</msg>
<arg>role=button[name='I already donated']</arg>
<tag>PageContent</tag>
<tag>Setter</tag>
<doc>Simulates mouse click on the element found by ``selector``.</doc>
<status status="PASS" start="2026-09-06T18:12:05.648691" elapsed="0.432798"/>
</kw>
<kw name="Click" owner="Browser">
<msg time="2026-09-06T18:12:06.082487" level="INFO">Clicks the element 'role=button[name='Close']'.</msg>
<arg>role=button[name='Close']</arg>
<tag>PageContent</tag>
<tag>Setter</tag>
<doc>Simulates mouse click on the element found by ``selector``.</doc>
<status status="PASS" start="2026-09-06T18:12:06.081842" elapsed="0.042839"/>
</kw>
<kw name="Click" owner="Browser">
<msg time="2026-09-06T18:12:06.125472" level="INFO">Clicks the element 'text=President William McKinley was shot and fatally wounded on September 6, 1901,'.</msg>
<arg>text=President William McKinley was shot and fatally wounded on September 6, 1901,</arg>
<tag>PageContent</tag>
<tag>Setter</tag>
<doc>Simulates mouse click on the element found by ``selector``.</doc>
<status status="PASS" start="2026-09-06T18:12:06.124942" elapsed="0.057577"/>
</kw>
<kw name="Click" owner="Browser">
<msg time="2026-09-06T18:12:06.183211" level="INFO">Clicks the element 'role=link[name='Lebanon war']'.</msg>
<arg>role=link[name='Lebanon war']</arg>
<tag>PageContent</tag>
<tag>Setter</tag>
<doc>Simulates mouse click on the element found by ``selector``.</doc>
<status status="PASS" start="2026-09-06T18:12:06.182730" elapsed="0.142468"/>
</kw>
<kw name="Click" owner="Browser">
<msg time="2026-09-06T18:12:06.325899" level="INFO">Clicks the element 'role=link[name='Israeli-occupied Lebanese']'.</msg>
<msg time="2026-09-06T18:12:16.517237" level="INFO" html="true">&lt;/td&gt;&lt;/tr&gt;&lt;tr&gt;&lt;td colspan="3"&gt;&lt;a href="browser/screenshot/fail-screenshot-1.png" target="_blank"&gt;&lt;img src="browser/screenshot/fail-screenshot-1.png" style="max-width:800px;max-height:800px;"/&gt;&lt;/a&gt;</msg>
<msg time="2026-09-06T18:12:16.517392" level="INFO">See also file:///Users/lin09/Documents/Coding/auto-booking/tests/playwright-log.txt for additional details.</msg>
<msg time="2026-09-06T18:12:16.518432" level="FAIL">TimeoutError: locator.click: Timeout 10000ms exceeded.
Call log:
  - waiting for locator('role=link[name=\'Israeli-occupied Lebanese\']')
</msg>
<arg>role=link[name='Israeli-occupied Lebanese']</arg>
<tag>PageContent</tag>
<tag>Setter</tag>
<doc>Simulates mouse click on the element found by ``selector``.</doc>
<status status="FAIL" start="2026-09-06T18:12:06.325411" elapsed="10.198847">TimeoutError: locator.click: Timeout 10000ms exceeded.
Call log:
  - waiting for locator('role=link[name=\'Israeli-occupied Lebanese\']')
</status>
</kw>
<msg time="2026-09-06T18:12:16.532173" level="INFO">Switching context to context=0573f44d-50f8-4a51-8884-c2404df02757 in CURRENT</msg>
<msg time="2026-09-06T18:12:16.551528" level="INFO">Successfully changed active context: context=0573f44d-50f8-4a51-8884-c2404df02757</msg>
<msg time="2026-09-06T18:12:16.574606" level="INFO">Successfully closed Context</msg>
<status status="FAIL" start="2026-09-06T18:12:00.096051" elapsed="16.428756">TimeoutError: locator.click: Timeout 10000ms exceeded.
Call log:
  - waiting for locator('role=link[name=\'Israeli-occupied Lebanese\']')
</status>
</test>
<status status="FAIL" start="2026-09-06T18:11:59.875697" elapsed="16.700047"/>
</suite>
<statistics>
<total>
<stat pass="0" fail="1" skip="0">All Tests</stat>
</total>
<tag>
</tag>
<suite>
<stat name="Recorded Test" id="s1" pass="0" fail="1" skip="0">Recorded Test</stat>
</suite>
</statistics>
<errors>
</errors>
</robot>
